<?xml version="1.0" encoding="UTF-8"?>
<!-- Generated by org.testng.reporters.JUnitReportReporter -->
<testsuite hostname="DESKTOP-JPNV91V" failures="0" tests="1" name="test.Irctc_testclass" time="4.547" errors="0" timestamp="2024-04-05T13:04:04 IST" skipped="0">
  <testcase classname="test.Irctc_testclass" name="test" time="4.547"/>
</testsuite> <!-- test.Irctc_testclass -->
